# JRE version: OpenJDK Runtime Environment (8.0_242-b01) (build 1.8.0_242-release-1644-b01)
# Java VM: OpenJDK 64-Bit Server VM (25.242-b01 mixed mode windows-amd64 compressed oops)
Heap:
 PSYoungGen      total 153600K, used 115601K [0x00000000eab00000, 0x00000000f4f80000, 0x0000000100000000)
  eden space 141824K, 81% used [0x00000000eab00000,0x00000000f1be4690,0x00000000f3580000)
  from space 11776K, 0% used [0x00000000f4200000,0x00000000f4200000,0x00000000f4d80000)
  to   space 12800K, 0% used [0x00000000f3580000,0x00000000f3580000,0x00000000f4200000)
 ParOldGen       total 57344K, used 16282K [0x00000000c0000000, 0x00000000c3800000, 0x00000000eab00000)
  object space 57344K, 28% used [0x00000000c0000000,0x00000000c0fe68e8,0x00000000c3800000)
 Metaspace       used 37806K, capacity 39340K, committed 39592K, reserved 1083392K
  class space    used 5202K, capacity 5531K, committed 5552K, reserved 1048576K
GC Heap History (10 events):
Event: 6.979 GC heap before
{Heap before GC invocations=8 (full 0):
 PSYoungGen      total 56320K, used 11651K [0x00000000eab00000, 0x00000000f1d00000, 0x0000000100000000)
  eden space 48640K, 8% used [0x00000000eab00000,0x00000000eaee23d0,0x00000000eda80000)
  from space 7680K, 99% used [0x00000000eda80000,0x00000000ee1fea38,0x00000000ee200000)
  to   space 9728K, 0% used [0x00000000f1380000,0x00000000f1380000,0x00000000f1d00000)
 ParOldGen       total 64512K, used 6433K [0x00000000c0000000, 0x00000000c3f00000, 0x00000000eab00000)
  object space 64512K, 9% used [0x00000000c0000000,0x00000000c06487b0,0x00000000c3f00000)
 Metaspace       used 20609K, capacity 21236K, committed 21296K, reserved 1067008K
  class space    used 2876K, capacity 3080K, committed 3120K, reserved 1048576K
Event: 6.990 GC heap after
Heap after GC invocations=8 (full 0):
 PSYoungGen      total 107008K, used 3060K [0x00000000eab00000, 0x00000000f1d00000, 0x0000000100000000)
  eden space 97280K, 0% used [0x00000000eab00000,0x00000000eab00000,0x00000000f0a00000)
  from space 9728K, 31% used [0x00000000f1380000,0x00000000f167d040,0x00000000f1d00000)
  to   space 9728K, 0% used [0x00000000f0a00000,0x00000000f0a00000,0x00000000f1380000)
 ParOldGen       total 64512K, used 7790K [0x00000000c0000000, 0x00000000c3f00000, 0x00000000eab00000)
  object space 64512K, 12% used [0x00000000c0000000,0x00000000c079b838,0x00000000c3f00000)
 Metaspace       used 20609K, capacity 21236K, committed 21296K, reserved 1067008K
  class space    used 2876K, capacity 3080K, committed 3120K, reserved 1048576K
}
Event: 6.990 GC heap before
{Heap before GC invocations=9 (full 1):
 PSYoungGen      total 107008K, used 3060K [0x00000000eab00000, 0x00000000f1d00000, 0x0000000100000000)
  eden space 97280K, 0% used [0x00000000eab00000,0x00000000eab00000,0x00000000f0a00000)
  from space 9728K, 31% used [0x00000000f1380000,0x00000000f167d040,0x00000000f1d00000)
  to   space 9728K, 0% used [0x00000000f0a00000,0x00000000f0a00000,0x00000000f1380000)
 ParOldGen       total 64512K, used 7790K [0x00000000c0000000, 0x00000000c3f00000, 0x00000000eab00000)
  object space 64512K, 12% used [0x00000000c0000000,0x00000000c079b838,0x00000000c3f00000)
 Metaspace       used 20609K, capacity 21236K, committed 21296K, reserved 1067008K
  class space    used 2876K, capacity 3080K, committed 3120K, reserved 1048576K
Event: 7.055 GC heap after
Heap after GC invocations=9 (full 1):
 PSYoungGen      total 107008K, used 0K [0x00000000eab00000, 0x00000000f1d00000, 0x0000000100000000)
  eden space 97280K, 0% used [0x00000000eab00000,0x00000000eab00000,0x00000000f0a00000)
  from space 9728K, 0% used [0x00000000f1380000,0x00000000f1380000,0x00000000f1d00000)
  to   space 9728K, 0% used [0x00000000f0a00000,0x00000000f0a00000,0x00000000f1380000)
 ParOldGen       total 38912K, used 6779K [0x00000000c0000000, 0x00000000c2600000, 0x00000000eab00000)
  object space 38912K, 17% used [0x00000000c0000000,0x00000000c069ef48,0x00000000c2600000)
 Metaspace       used 20609K, capacity 21236K, committed 21296K, reserved 1067008K
  class space    used 2876K, capacity 3080K, committed 3120K, reserved 1048576K
}
Event: 11.410 GC heap before
{Heap before GC invocations=10 (full 1):
 PSYoungGen      total 107008K, used 97280K [0x00000000eab00000, 0x00000000f1d00000, 0x0000000100000000)
  eden space 97280K, 100% used [0x00000000eab00000,0x00000000f0a00000,0x00000000f0a00000)
  from space 9728K, 0% used [0x00000000f1380000,0x00000000f1380000,0x00000000f1d00000)
  to   space 9728K, 0% used [0x00000000f0a00000,0x00000000f0a00000,0x00000000f1380000)
 ParOldGen       total 38912K, used 6779K [0x00000000c0000000, 0x00000000c2600000, 0x00000000eab00000)
  object space 38912K, 17% used [0x00000000c0000000,0x00000000c069ef48,0x00000000c2600000)
 Metaspace       used 31368K, capacity 32326K, committed 32432K, reserved 1077248K
  class space    used 4257K, capacity 4472K, committed 4528K, reserved 1048576K
Event: 11.428 GC heap after
Heap after GC invocations=10 (full 1):
 PSYoungGen      total 107008K, used 9703K [0x00000000eab00000, 0x00000000f4d80000, 0x0000000100000000)
  eden space 97280K, 0% used [0x00000000eab00000,0x00000000eab00000,0x00000000f0a00000)
  from space 9728K, 99% used [0x00000000f0a00000,0x00000000f1379ec0,0x00000000f1380000)
  to   space 11776K, 0% used [0x00000000f4200000,0x00000000f4200000,0x00000000f4d80000)
 ParOldGen       total 38912K, used 8468K [0x00000000c0000000, 0x00000000c2600000, 0x00000000eab00000)
  object space 38912K, 21% used [0x00000000c0000000,0x00000000c08450d8,0x00000000c2600000)
 Metaspace       used 31368K, capacity 32326K, committed 32432K, reserved 1077248K
  class space    used 4257K, capacity 4472K, committed 4528K, reserved 1048576K
}
Event: 12.429 GC heap before
{Heap before GC invocations=11 (full 1):
 PSYoungGen      total 107008K, used 73977K [0x00000000eab00000, 0x00000000f4d80000, 0x0000000100000000)
  eden space 97280K, 66% used [0x00000000eab00000,0x00000000ee9c45e8,0x00000000f0a00000)
  from space 9728K, 99% used [0x00000000f0a00000,0x00000000f1379ec0,0x00000000f1380000)
  to   space 11776K, 0% used [0x00000000f4200000,0x00000000f4200000,0x00000000f4d80000)
 ParOldGen       total 38912K, used 8468K [0x00000000c0000000, 0x00000000c2600000, 0x00000000eab00000)
  object space 38912K, 21% used [0x00000000c0000000,0x00000000c08450d8,0x00000000c2600000)
 Metaspace       used 34312K, capacity 35424K, committed 35496K, reserved 1079296K
  class space    used 4720K, capacity 5005K, committed 5040K, reserved 1048576K
Event: 12.458 GC heap after
Heap after GC invocations=11 (full 1):
 PSYoungGen      total 153600K, used 9904K [0x00000000eab00000, 0x00000000f4f80000, 0x0000000100000000)
  eden space 141824K, 0% used [0x00000000eab00000,0x00000000eab00000,0x00000000f3580000)
  from space 11776K, 84% used [0x00000000f4200000,0x00000000f4bac0a0,0x00000000f4d80000)
  to   space 12800K, 0% used [0x00000000f3580000,0x00000000f3580000,0x00000000f4200000)
 ParOldGen       total 38912K, used 8476K [0x00000000c0000000, 0x00000000c2600000, 0x00000000eab00000)
  object space 38912K, 21% used [0x00000000c0000000,0x00000000c08470d8,0x00000000c2600000)
 Metaspace       used 34312K, capacity 35424K, committed 35496K, reserved 1079296K
  class space    used 4720K, capacity 5005K, committed 5040K, reserved 1048576K
}
Event: 12.458 GC heap before
{Heap before GC invocations=12 (full 2):
 PSYoungGen      total 153600K, used 9904K [0x00000000eab00000, 0x00000000f4f80000, 0x0000000100000000)
  eden space 141824K, 0% used [0x00000000eab00000,0x00000000eab00000,0x00000000f3580000)
  from space 11776K, 84% used [0x00000000f4200000,0x00000000f4bac0a0,0x00000000f4d80000)
  to   space 12800K, 0% used [0x00000000f3580000,0x00000000f3580000,0x00000000f4200000)
 ParOldGen       total 38912K, used 8476K [0x00000000c0000000, 0x00000000c2600000, 0x00000000eab00000)
  object space 38912K, 21% used [0x00000000c0000000,0x00000000c08470d8,0x00000000c2600000)
 Metaspace       used 34312K, capacity 35424K, committed 35496K, reserved 1079296K
  class space    used 4720K, capacity 5005K, committed 5040K, reserved 1048576K
Event: 12.544 GC heap after
Heap after GC invocations=12 (full 2):
 PSYoungGen      total 153600K, used 0K [0x00000000eab00000, 0x00000000f4f80000, 0x0000000100000000)
  eden space 141824K, 0% used [0x00000000eab00000,0x00000000eab00000,0x00000000f3580000)
  from space 11776K, 0% used [0x00000000f4200000,0x00000000f4200000,0x00000000f4d80000)
  to   space 12800K, 0% used [0x00000000f3580000,0x00000000f3580000,0x00000000f4200000)
 ParOldGen       total 57344K, used 16282K [0x00000000c0000000, 0x00000000c3800000, 0x00000000eab00000)
  object space 57344K, 28% used [0x00000000c0000000,0x00000000c0fe68e8,0x00000000c3800000)
 Metaspace       used 34312K, capacity 35424K, committed 35496K, reserved 1079296K
  class space    used 4720K, capacity 5005K, committed 5040K, reserved 1048576K
}

