# JRE version: OpenJDK Runtime Environment (8.0_242-b01) (build 1.8.0_242-release-1644-b01)
# Java VM: OpenJDK 64-Bit Server VM (25.242-b01 mixed mode windows-amd64 compressed oops)
Heap:
 PSYoungGen      total 105984K, used 10486K [0x00000000eab00000, 0x00000000f1c00000, 0x0000000100000000)
  eden space 96256K, 10% used [0x00000000eab00000,0x00000000eb53d8a8,0x00000000f0900000)
  from space 9728K, 0% used [0x00000000f1280000,0x00000000f1280000,0x00000000f1c00000)
  to   space 9728K, 0% used [0x00000000f0900000,0x00000000f0900000,0x00000000f1280000)
 ParOldGen       total 58880K, used 16343K [0x00000000c0000000, 0x00000000c3980000, 0x00000000eab00000)
  object space 58880K, 27% used [0x00000000c0000000,0x00000000c0ff5e20,0x00000000c3980000)
 Metaspace       used 34845K, capacity 35958K, committed 36136K, reserved 1081344K
  class space    used 4795K, capacity 5056K, committed 5168K, reserved 1048576K
GC Heap History (10 events):
Event: 5.888 GC heap before
{Heap before GC invocations=8 (full 0):
 PSYoungGen      total 55808K, used 12361K [0x00000000eab00000, 0x00000000f1c00000, 0x0000000100000000)
  eden space 48128K, 9% used [0x00000000eab00000,0x00000000eaf99b70,0x00000000eda00000)
  from space 7680K, 99% used [0x00000000eda00000,0x00000000ee178c80,0x00000000ee180000)
  to   space 9728K, 0% used [0x00000000f1280000,0x00000000f1280000,0x00000000f1c00000)
 ParOldGen       total 64512K, used 6393K [0x00000000c0000000, 0x00000000c3f00000, 0x00000000eab00000)
  object space 64512K, 9% used [0x00000000c0000000,0x00000000c063e5c8,0x00000000c3f00000)
 Metaspace       used 20614K, capacity 21236K, committed 21296K, reserved 1067008K
  class space    used 2875K, capacity 3080K, committed 3120K, reserved 1048576K
Event: 5.898 GC heap after
Heap after GC invocations=8 (full 0):
 PSYoungGen      total 105984K, used 3028K [0x00000000eab00000, 0x00000000f1c00000, 0x0000000100000000)
  eden space 96256K, 0% used [0x00000000eab00000,0x00000000eab00000,0x00000000f0900000)
  from space 9728K, 31% used [0x00000000f1280000,0x00000000f1575040,0x00000000f1c00000)
  to   space 9728K, 0% used [0x00000000f0900000,0x00000000f0900000,0x00000000f1280000)
 ParOldGen       total 64512K, used 7690K [0x00000000c0000000, 0x00000000c3f00000, 0x00000000eab00000)
  object space 64512K, 11% used [0x00000000c0000000,0x00000000c0782998,0x00000000c3f00000)
 Metaspace       used 20614K, capacity 21236K, committed 21296K, reserved 1067008K
  class space    used 2875K, capacity 3080K, committed 3120K, reserved 1048576K
}
Event: 5.898 GC heap before
{Heap before GC invocations=9 (full 1):
 PSYoungGen      total 105984K, used 3028K [0x00000000eab00000, 0x00000000f1c00000, 0x0000000100000000)
  eden space 96256K, 0% used [0x00000000eab00000,0x00000000eab00000,0x00000000f0900000)
  from space 9728K, 31% used [0x00000000f1280000,0x00000000f1575040,0x00000000f1c00000)
  to   space 9728K, 0% used [0x00000000f0900000,0x00000000f0900000,0x00000000f1280000)
 ParOldGen       total 64512K, used 7690K [0x00000000c0000000, 0x00000000c3f00000, 0x00000000eab00000)
  object space 64512K, 11% used [0x00000000c0000000,0x00000000c0782998,0x00000000c3f00000)
 Metaspace       used 20614K, capacity 21236K, committed 21296K, reserved 1067008K
  class space    used 2875K, capacity 3080K, committed 3120K, reserved 1048576K
Event: 5.953 GC heap after
Heap after GC invocations=9 (full 1):
 PSYoungGen      total 105984K, used 0K [0x00000000eab00000, 0x00000000f1c00000, 0x0000000100000000)
  eden space 96256K, 0% used [0x00000000eab00000,0x00000000eab00000,0x00000000f0900000)
  from space 9728K, 0% used [0x00000000f1280000,0x00000000f1280000,0x00000000f1c00000)
  to   space 9728K, 0% used [0x00000000f0900000,0x00000000f0900000,0x00000000f1280000)
 ParOldGen       total 38400K, used 6793K [0x00000000c0000000, 0x00000000c2580000, 0x00000000eab00000)
  object space 38400K, 17% used [0x00000000c0000000,0x00000000c06a27f8,0x00000000c2580000)
 Metaspace       used 20614K, capacity 21236K, committed 21296K, reserved 1067008K
  class space    used 2875K, capacity 3080K, committed 3120K, reserved 1048576K
}
Event: 7.556 GC heap before
{Heap before GC invocations=10 (full 1):
 PSYoungGen      total 105984K, used 96256K [0x00000000eab00000, 0x00000000f1c00000, 0x0000000100000000)
  eden space 96256K, 100% used [0x00000000eab00000,0x00000000f0900000,0x00000000f0900000)
  from space 9728K, 0% used [0x00000000f1280000,0x00000000f1280000,0x00000000f1c00000)
  to   space 9728K, 0% used [0x00000000f0900000,0x00000000f0900000,0x00000000f1280000)
 ParOldGen       total 38400K, used 6793K [0x00000000c0000000, 0x00000000c2580000, 0x00000000eab00000)
  object space 38400K, 17% used [0x00000000c0000000,0x00000000c06a27f8,0x00000000c2580000)
 Metaspace       used 31226K, capacity 32154K, committed 32432K, reserved 1077248K
  class space    used 4229K, capacity 4438K, committed 4528K, reserved 1048576K
Event: 7.579 GC heap after
Heap after GC invocations=10 (full 1):
 PSYoungGen      total 105984K, used 9699K [0x00000000eab00000, 0x00000000f1c00000, 0x0000000100000000)
  eden space 96256K, 0% used [0x00000000eab00000,0x00000000eab00000,0x00000000f0900000)
  from space 9728K, 99% used [0x00000000f0900000,0x00000000f1278fc8,0x00000000f1280000)
  to   space 9728K, 0% used [0x00000000f1280000,0x00000000f1280000,0x00000000f1c00000)
 ParOldGen       total 38400K, used 8407K [0x00000000c0000000, 0x00000000c2580000, 0x00000000eab00000)
  object space 38400K, 21% used [0x00000000c0000000,0x00000000c0835f38,0x00000000c2580000)
 Metaspace       used 31226K, capacity 32154K, committed 32432K, reserved 1077248K
  class space    used 4229K, capacity 4438K, committed 4528K, reserved 1048576K
}
Event: 8.630 GC heap before
{Heap before GC invocations=11 (full 1):
 PSYoungGen      total 105984K, used 75296K [0x00000000eab00000, 0x00000000f1c00000, 0x0000000100000000)
  eden space 96256K, 68% used [0x00000000eab00000,0x00000000eeb0f428,0x00000000f0900000)
  from space 9728K, 99% used [0x00000000f0900000,0x00000000f1278fc8,0x00000000f1280000)
  to   space 9728K, 0% used [0x00000000f1280000,0x00000000f1280000,0x00000000f1c00000)
 ParOldGen       total 38400K, used 8407K [0x00000000c0000000, 0x00000000c2580000, 0x00000000eab00000)
  object space 38400K, 21% used [0x00000000c0000000,0x00000000c0835f38,0x00000000c2580000)
 Metaspace       used 34309K, capacity 35424K, committed 35496K, reserved 1079296K
  class space    used 4720K, capacity 5005K, committed 5040K, reserved 1048576K
Event: 8.651 GC heap after
Heap after GC invocations=11 (full 1):
 PSYoungGen      total 105984K, used 9718K [0x00000000eab00000, 0x00000000f1c00000, 0x0000000100000000)
  eden space 96256K, 0% used [0x00000000eab00000,0x00000000eab00000,0x00000000f0900000)
  from space 9728K, 99% used [0x00000000f1280000,0x00000000f1bfd870,0x00000000f1c00000)
  to   space 9728K, 0% used [0x00000000f0900000,0x00000000f0900000,0x00000000f1280000)
 ParOldGen       total 38400K, used 8651K [0x00000000c0000000, 0x00000000c2580000, 0x00000000eab00000)
  object space 38400K, 22% used [0x00000000c0000000,0x00000000c0872ca8,0x00000000c2580000)
 Metaspace       used 34309K, capacity 35424K, committed 35496K, reserved 1079296K
  class space    used 4720K, capacity 5005K, committed 5040K, reserved 1048576K
}
Event: 8.651 GC heap before
{Heap before GC invocations=12 (full 2):
 PSYoungGen      total 105984K, used 9718K [0x00000000eab00000, 0x00000000f1c00000, 0x0000000100000000)
  eden space 96256K, 0% used [0x00000000eab00000,0x00000000eab00000,0x00000000f0900000)
  from space 9728K, 99% used [0x00000000f1280000,0x00000000f1bfd870,0x00000000f1c00000)
  to   space 9728K, 0% used [0x00000000f0900000,0x00000000f0900000,0x00000000f1280000)
 ParOldGen       total 38400K, used 8651K [0x00000000c0000000, 0x00000000c2580000, 0x00000000eab00000)
  object space 38400K, 22% used [0x00000000c0000000,0x00000000c0872ca8,0x00000000c2580000)
 Metaspace       used 34309K, capacity 35424K, committed 35496K, reserved 1079296K
  class space    used 4720K, capacity 5005K, committed 5040K, reserved 1048576K
Event: 8.741 GC heap after
Heap after GC invocations=12 (full 2):
 PSYoungGen      total 105984K, used 0K [0x00000000eab00000, 0x00000000f1c00000, 0x0000000100000000)
  eden space 96256K, 0% used [0x00000000eab00000,0x00000000eab00000,0x00000000f0900000)
  from space 9728K, 0% used [0x00000000f1280000,0x00000000f1280000,0x00000000f1c00000)
  to   space 9728K, 0% used [0x00000000f0900000,0x00000000f0900000,0x00000000f1280000)
 ParOldGen       total 58880K, used 16343K [0x00000000c0000000, 0x00000000c3980000, 0x00000000eab00000)
  object space 58880K, 27% used [0x00000000c0000000,0x00000000c0ff5e20,0x00000000c3980000)
 Metaspace       used 34309K, capacity 35424K, committed 35496K, reserved 1079296K
  class space    used 4720K, capacity 5005K, committed 5040K, reserved 1048576K
}

