# JRE version: OpenJDK Runtime Environment (8.0_242-b01) (build 1.8.0_242-release-1644-b01)
# Java VM: OpenJDK 64-Bit Server VM (25.242-b01 mixed mode windows-amd64 compressed oops)
Heap:
 PSYoungGen      total 137216K, used 15102K [0x00000000eab00000, 0x00000000f5d80000, 0x0000000100000000)
  eden space 118272K, 12% used [0x00000000eab00000,0x00000000eb9bfae8,0x00000000f1e80000)
  from space 18944K, 0% used [0x00000000f4b00000,0x00000000f4b00000,0x00000000f5d80000)
  to   space 12800K, 0% used [0x00000000f1e80000,0x00000000f1e80000,0x00000000f2b00000)
 ParOldGen       total 67584K, used 28882K [0x00000000c0000000, 0x00000000c4200000, 0x00000000eab00000)
  object space 67584K, 42% used [0x00000000c0000000,0x00000000c1c34aa8,0x00000000c4200000)
 Metaspace       used 57655K, capacity 59884K, committed 60056K, reserved 1101824K
  class space    used 7846K, capacity 8347K, committed 8368K, reserved 1048576K
GC Heap History (10 events):
Event: 11.079 GC heap before
{Heap before GC invocations=15 (full 2):
 PSYoungGen      total 108544K, used 99328K [0x00000000eab00000, 0x00000000f2500000, 0x0000000100000000)
  eden space 99328K, 100% used [0x00000000eab00000,0x00000000f0c00000,0x00000000f0c00000)
  from space 9216K, 0% used [0x00000000f1500000,0x00000000f1500000,0x00000000f1e00000)
  to   space 9216K, 0% used [0x00000000f0c00000,0x00000000f0c00000,0x00000000f1500000)
 ParOldGen       total 67584K, used 15101K [0x00000000c0000000, 0x00000000c4200000, 0x00000000eab00000)
  object space 67584K, 22% used [0x00000000c0000000,0x00000000c0ebf5b0,0x00000000c4200000)
 Metaspace       used 37062K, capacity 38660K, committed 38696K, reserved 1083392K
  class space    used 5087K, capacity 5401K, committed 5424K, reserved 1048576K
Event: 11.090 GC heap after
Heap after GC invocations=15 (full 2):
 PSYoungGen      total 108544K, used 6217K [0x00000000eab00000, 0x00000000f3400000, 0x0000000100000000)
  eden space 99328K, 0% used [0x00000000eab00000,0x00000000eab00000,0x00000000f0c00000)
  from space 9216K, 67% used [0x00000000f0c00000,0x00000000f1212658,0x00000000f1500000)
  to   space 9216K, 0% used [0x00000000f2b00000,0x00000000f2b00000,0x00000000f3400000)
 ParOldGen       total 67584K, used 15109K [0x00000000c0000000, 0x00000000c4200000, 0x00000000eab00000)
  object space 67584K, 22% used [0x00000000c0000000,0x00000000c0ec15b0,0x00000000c4200000)
 Metaspace       used 37062K, capacity 38660K, committed 38696K, reserved 1083392K
  class space    used 5087K, capacity 5401K, committed 5424K, reserved 1048576K
}
Event: 12.912 GC heap before
{Heap before GC invocations=16 (full 2):
 PSYoungGen      total 108544K, used 105545K [0x00000000eab00000, 0x00000000f3400000, 0x0000000100000000)
  eden space 99328K, 100% used [0x00000000eab00000,0x00000000f0c00000,0x00000000f0c00000)
  from space 9216K, 67% used [0x00000000f0c00000,0x00000000f1212658,0x00000000f1500000)
  to   space 9216K, 0% used [0x00000000f2b00000,0x00000000f2b00000,0x00000000f3400000)
 ParOldGen       total 67584K, used 15109K [0x00000000c0000000, 0x00000000c4200000, 0x00000000eab00000)
  object space 67584K, 22% used [0x00000000c0000000,0x00000000c0ec15b0,0x00000000c4200000)
 Metaspace       used 47167K, capacity 49004K, committed 49320K, reserved 1091584K
  class space    used 6351K, capacity 6717K, committed 6832K, reserved 1048576K
Event: 12.932 GC heap after
Heap after GC invocations=16 (full 2):
 PSYoungGen      total 127488K, used 9212K [0x00000000eab00000, 0x00000000f3980000, 0x0000000100000000)
  eden space 118272K, 0% used [0x00000000eab00000,0x00000000eab00000,0x00000000f1e80000)
  from space 9216K, 99% used [0x00000000f2b00000,0x00000000f33ff300,0x00000000f3400000)
  to   space 12800K, 0% used [0x00000000f1e80000,0x00000000f1e80000,0x00000000f2b00000)
 ParOldGen       total 67584K, used 22061K [0x00000000c0000000, 0x00000000c4200000, 0x00000000eab00000)
  object space 67584K, 32% used [0x00000000c0000000,0x00000000c158b5c8,0x00000000c4200000)
 Metaspace       used 47167K, capacity 49004K, committed 49320K, reserved 1091584K
  class space    used 6351K, capacity 6717K, committed 6832K, reserved 1048576K
}
Event: 15.388 GC heap before
{Heap before GC invocations=17 (full 2):
 PSYoungGen      total 127488K, used 127484K [0x00000000eab00000, 0x00000000f3980000, 0x0000000100000000)
  eden space 118272K, 100% used [0x00000000eab00000,0x00000000f1e80000,0x00000000f1e80000)
  from space 9216K, 99% used [0x00000000f2b00000,0x00000000f33ff300,0x00000000f3400000)
  to   space 12800K, 0% used [0x00000000f1e80000,0x00000000f1e80000,0x00000000f2b00000)
 ParOldGen       total 67584K, used 22061K [0x00000000c0000000, 0x00000000c4200000, 0x00000000eab00000)
  object space 67584K, 32% used [0x00000000c0000000,0x00000000c158b5c8,0x00000000c4200000)
 Metaspace       used 56824K, capacity 59070K, committed 59160K, reserved 1099776K
  class space    used 7708K, capacity 8168K, committed 8240K, reserved 1048576K
Event: 15.445 GC heap after
Heap after GC invocations=17 (full 2):
 PSYoungGen      total 131072K, used 12768K [0x00000000eab00000, 0x00000000f5d80000, 0x0000000100000000)
  eden space 118272K, 0% used [0x00000000eab00000,0x00000000eab00000,0x00000000f1e80000)
  from space 12800K, 99% used [0x00000000f1e80000,0x00000000f2af8010,0x00000000f2b00000)
  to   space 18944K, 0% used [0x00000000f4b00000,0x00000000f4b00000,0x00000000f5d80000)
 ParOldGen       total 67584K, used 32922K [0x00000000c0000000, 0x00000000c4200000, 0x00000000eab00000)
  object space 67584K, 48% used [0x00000000c0000000,0x00000000c2026990,0x00000000c4200000)
 Metaspace       used 56824K, capacity 59070K, committed 59160K, reserved 1099776K
  class space    used 7708K, capacity 8168K, committed 8240K, reserved 1048576K
}
Event: 15.460 GC heap before
{Heap before GC invocations=18 (full 2):
 PSYoungGen      total 131072K, used 14968K [0x00000000eab00000, 0x00000000f5d80000, 0x0000000100000000)
  eden space 118272K, 1% used [0x00000000eab00000,0x00000000ead26148,0x00000000f1e80000)
  from space 12800K, 99% used [0x00000000f1e80000,0x00000000f2af8010,0x00000000f2b00000)
  to   space 18944K, 0% used [0x00000000f4b00000,0x00000000f4b00000,0x00000000f5d80000)
 ParOldGen       total 67584K, used 32922K [0x00000000c0000000, 0x00000000c4200000, 0x00000000eab00000)
  object space 67584K, 48% used [0x00000000c0000000,0x00000000c2026990,0x00000000c4200000)
 Metaspace       used 56828K, capacity 59070K, committed 59160K, reserved 1099776K
  class space    used 7710K, capacity 8168K, committed 8240K, reserved 1048576K
Event: 15.483 GC heap after
Heap after GC invocations=18 (full 2):
 PSYoungGen      total 137216K, used 128K [0x00000000eab00000, 0x00000000f5d80000, 0x0000000100000000)
  eden space 118272K, 0% used [0x00000000eab00000,0x00000000eab00000,0x00000000f1e80000)
  from space 18944K, 0% used [0x00000000f4b00000,0x00000000f4b20000,0x00000000f5d80000)
  to   space 12800K, 0% used [0x00000000f1e80000,0x00000000f1e80000,0x00000000f2b00000)
 ParOldGen       total 67584K, used 39838K [0x00000000c0000000, 0x00000000c4200000, 0x00000000eab00000)
  object space 67584K, 58% used [0x00000000c0000000,0x00000000c26e79f8,0x00000000c4200000)
 Metaspace       used 56828K, capacity 59070K, committed 59160K, reserved 1099776K
  class space    used 7710K, capacity 8168K, committed 8240K, reserved 1048576K
}
Event: 15.483 GC heap before
{Heap before GC invocations=19 (full 3):
 PSYoungGen      total 137216K, used 128K [0x00000000eab00000, 0x00000000f5d80000, 0x0000000100000000)
  eden space 118272K, 0% used [0x00000000eab00000,0x00000000eab00000,0x00000000f1e80000)
  from space 18944K, 0% used [0x00000000f4b00000,0x00000000f4b20000,0x00000000f5d80000)
  to   space 12800K, 0% used [0x00000000f1e80000,0x00000000f1e80000,0x00000000f2b00000)
 ParOldGen       total 67584K, used 39838K [0x00000000c0000000, 0x00000000c4200000, 0x00000000eab00000)
  object space 67584K, 58% used [0x00000000c0000000,0x00000000c26e79f8,0x00000000c4200000)
 Metaspace       used 56828K, capacity 59070K, committed 59160K, reserved 1099776K
  class space    used 7710K, capacity 8168K, committed 8240K, reserved 1048576K
Event: 15.823 GC heap after
Heap after GC invocations=19 (full 3):
 PSYoungGen      total 137216K, used 0K [0x00000000eab00000, 0x00000000f5d80000, 0x0000000100000000)
  eden space 118272K, 0% used [0x00000000eab00000,0x00000000eab00000,0x00000000f1e80000)
  from space 18944K, 0% used [0x00000000f4b00000,0x00000000f4b00000,0x00000000f5d80000)
  to   space 12800K, 0% used [0x00000000f1e80000,0x00000000f1e80000,0x00000000f2b00000)
 ParOldGen       total 67584K, used 28882K [0x00000000c0000000, 0x00000000c4200000, 0x00000000eab00000)
  object space 67584K, 42% used [0x00000000c0000000,0x00000000c1c34aa8,0x00000000c4200000)
 Metaspace       used 56812K, capacity 59016K, committed 59160K, reserved 1099776K
  class space    used 7705K, capacity 8159K, committed 8240K, reserved 1048576K
}

