# JRE version: OpenJDK Runtime Environment (8.0_242-b01) (build 1.8.0_242-release-1644-b01)
# Java VM: OpenJDK 64-Bit Server VM (25.242-b01 mixed mode windows-amd64 compressed oops)
Heap:
 PSYoungGen      total 116224K, used 7776K [0x00000000eab00000, 0x00000000f3880000, 0x0000000100000000)
  eden space 100352K, 0% used [0x00000000eab00000,0x00000000eab00000,0x00000000f0d00000)
  from space 15872K, 48% used [0x00000000f2080000,0x00000000f2818268,0x00000000f3000000)
  to   space 19968K, 0% used [0x00000000f0d00000,0x00000000f0d00000,0x00000000f2080000)
 ParOldGen       total 115712K, used 54136K [0x00000000c0000000, 0x00000000c7100000, 0x00000000eab00000)
  object space 115712K, 46% used [0x00000000c0000000,0x00000000c34de180,0x00000000c7100000)
 Metaspace       used 82048K, capacity 86447K, committed 86552K, reserved 1130496K
  class space    used 11430K, capacity 12223K, committed 12328K, reserved 1048576K
GC Heap History (10 events):
Event: 35.347 GC heap after
Heap after GC invocations=20 (full 3):
 PSYoungGen      total 98816K, used 0K [0x00000000eab00000, 0x00000000f2380000, 0x0000000100000000)
  eden space 84992K, 0% used [0x00000000eab00000,0x00000000eab00000,0x00000000efe00000)
  from space 13824K, 0% used [0x00000000efe00000,0x00000000efe00000,0x00000000f0b80000)
  to   space 14336K, 0% used [0x00000000f1580000,0x00000000f1580000,0x00000000f2380000)
 ParOldGen       total 115712K, used 33042K [0x00000000c0000000, 0x00000000c7100000, 0x00000000eab00000)
  object space 115712K, 28% used [0x00000000c0000000,0x00000000c20448b8,0x00000000c7100000)
 Metaspace       used 56817K, capacity 58984K, committed 59160K, reserved 1099776K
  class space    used 7699K, capacity 8127K, committed 8232K, reserved 1048576K
}
Event: 38.752 GC heap before
{Heap before GC invocations=21 (full 3):
 PSYoungGen      total 98816K, used 84992K [0x00000000eab00000, 0x00000000f2380000, 0x0000000100000000)
  eden space 84992K, 100% used [0x00000000eab00000,0x00000000efe00000,0x00000000efe00000)
  from space 13824K, 0% used [0x00000000efe00000,0x00000000efe00000,0x00000000f0b80000)
  to   space 14336K, 0% used [0x00000000f1580000,0x00000000f1580000,0x00000000f2380000)
 ParOldGen       total 115712K, used 33042K [0x00000000c0000000, 0x00000000c7100000, 0x00000000eab00000)
  object space 115712K, 28% used [0x00000000c0000000,0x00000000c20448b8,0x00000000c7100000)
 Metaspace       used 62488K, capacity 64914K, committed 65176K, reserved 1105920K
  class space    used 8572K, capacity 9078K, committed 9128K, reserved 1048576K
Event: 38.772 GC heap after
Heap after GC invocations=21 (full 3):
 PSYoungGen      total 108032K, used 8960K [0x00000000eab00000, 0x00000000f2300000, 0x0000000100000000)
  eden space 94208K, 0% used [0x00000000eab00000,0x00000000eab00000,0x00000000f0700000)
  from space 13824K, 64% used [0x00000000f1580000,0x00000000f1e40108,0x00000000f2300000)
  to   space 14336K, 0% used [0x00000000f0700000,0x00000000f0700000,0x00000000f1500000)
 ParOldGen       total 115712K, used 33050K [0x00000000c0000000, 0x00000000c7100000, 0x00000000eab00000)
  object space 115712K, 28% used [0x00000000c0000000,0x00000000c20468b8,0x00000000c7100000)
 Metaspace       used 62488K, capacity 64914K, committed 65176K, reserved 1105920K
  class space    used 8572K, capacity 9078K, committed 9128K, reserved 1048576K
}
Event: 43.607 GC heap before
{Heap before GC invocations=22 (full 3):
 PSYoungGen      total 108032K, used 103168K [0x00000000eab00000, 0x00000000f2300000, 0x0000000100000000)
  eden space 94208K, 100% used [0x00000000eab00000,0x00000000f0700000,0x00000000f0700000)
  from space 13824K, 64% used [0x00000000f1580000,0x00000000f1e40108,0x00000000f2300000)
  to   space 14336K, 0% used [0x00000000f0700000,0x00000000f0700000,0x00000000f1500000)
 ParOldGen       total 115712K, used 33050K [0x00000000c0000000, 0x00000000c7100000, 0x00000000eab00000)
  object space 115712K, 28% used [0x00000000c0000000,0x00000000c20468b8,0x00000000c7100000)
 Metaspace       used 65429K, capacity 68444K, committed 68760K, reserved 1107968K
  class space    used 8976K, capacity 9579K, committed 9640K, reserved 1048576K
Event: 43.645 GC heap after
Heap after GC invocations=22 (full 3):
 PSYoungGen      total 108544K, used 12753K [0x00000000eab00000, 0x00000000f3000000, 0x0000000100000000)
  eden space 94208K, 0% used [0x00000000eab00000,0x00000000eab00000,0x00000000f0700000)
  from space 14336K, 88% used [0x00000000f0700000,0x00000000f1374680,0x00000000f1500000)
  to   space 15872K, 0% used [0x00000000f2080000,0x00000000f2080000,0x00000000f3000000)
 ParOldGen       total 115712K, used 33058K [0x00000000c0000000, 0x00000000c7100000, 0x00000000eab00000)
  object space 115712K, 28% used [0x00000000c0000000,0x00000000c20488b8,0x00000000c7100000)
 Metaspace       used 65429K, capacity 68444K, committed 68760K, reserved 1107968K
  class space    used 8976K, capacity 9579K, committed 9640K, reserved 1048576K
}
Event: 46.438 GC heap before
{Heap before GC invocations=23 (full 3):
 PSYoungGen      total 108544K, used 106961K [0x00000000eab00000, 0x00000000f3000000, 0x0000000100000000)
  eden space 94208K, 100% used [0x00000000eab00000,0x00000000f0700000,0x00000000f0700000)
  from space 14336K, 88% used [0x00000000f0700000,0x00000000f1374680,0x00000000f1500000)
  to   space 15872K, 0% used [0x00000000f2080000,0x00000000f2080000,0x00000000f3000000)
 ParOldGen       total 115712K, used 33058K [0x00000000c0000000, 0x00000000c7100000, 0x00000000eab00000)
  object space 115712K, 28% used [0x00000000c0000000,0x00000000c20488b8,0x00000000c7100000)
 Metaspace       used 70583K, capacity 73666K, committed 73752K, reserved 1112064K
  class space    used 9680K, capacity 10258K, committed 10280K, reserved 1048576K
Event: 46.465 GC heap after
Heap after GC invocations=23 (full 3):
 PSYoungGen      total 116224K, used 15854K [0x00000000eab00000, 0x00000000f3880000, 0x0000000100000000)
  eden space 100352K, 0% used [0x00000000eab00000,0x00000000eab00000,0x00000000f0d00000)
  from space 15872K, 99% used [0x00000000f2080000,0x00000000f2ffb990,0x00000000f3000000)
  to   space 19968K, 0% used [0x00000000f0d00000,0x00000000f0d00000,0x00000000f2080000)
 ParOldGen       total 115712K, used 38153K [0x00000000c0000000, 0x00000000c7100000, 0x00000000eab00000)
  object space 115712K, 32% used [0x00000000c0000000,0x00000000c25427e0,0x00000000c7100000)
 Metaspace       used 70583K, capacity 73666K, committed 73752K, reserved 1112064K
  class space    used 9680K, capacity 10258K, committed 10280K, reserved 1048576K
}
Event: 69.361 GC heap before
{Heap before GC invocations=24 (full 3):
 PSYoungGen      total 116224K, used 116122K [0x00000000eab00000, 0x00000000f3880000, 0x0000000100000000)
  eden space 100352K, 99% used [0x00000000eab00000,0x00000000f0ceb088,0x00000000f0d00000)
  from space 15872K, 99% used [0x00000000f2080000,0x00000000f2ffb990,0x00000000f3000000)
  to   space 19968K, 0% used [0x00000000f0d00000,0x00000000f0d00000,0x00000000f2080000)
 ParOldGen       total 115712K, used 38153K [0x00000000c0000000, 0x00000000c7100000, 0x00000000eab00000)
  object space 115712K, 32% used [0x00000000c0000000,0x00000000c25427e0,0x00000000c7100000)
 Metaspace       used 80512K, capacity 84762K, committed 85016K, reserved 1122304K
  class space    used 11193K, capacity 11974K, committed 12072K, reserved 1048576K
Event: 69.397 GC heap after
Heap after GC invocations=24 (full 3):
 PSYoungGen      total 120320K, used 19939K [0x00000000eab00000, 0x00000000f3880000, 0x0000000100000000)
  eden space 100352K, 0% used [0x00000000eab00000,0x00000000eab00000,0x00000000f0d00000)
  from space 19968K, 99% used [0x00000000f0d00000,0x00000000f2078c90,0x00000000f2080000)
  to   space 15872K, 0% used [0x00000000f2080000,0x00000000f2080000,0x00000000f3000000)
 ParOldGen       total 115712K, used 43996K [0x00000000c0000000, 0x00000000c7100000, 0x00000000eab00000)
  object space 115712K, 38% used [0x00000000c0000000,0x00000000c2af7318,0x00000000c7100000)
 Metaspace       used 80512K, capacity 84762K, committed 85016K, reserved 1122304K
  class space    used 11193K, capacity 11974K, committed 12072K, reserved 1048576K
}
Event: 70.811 GC heap before
{Heap before GC invocations=25 (full 3):
 PSYoungGen      total 120320K, used 49206K [0x00000000eab00000, 0x00000000f3880000, 0x0000000100000000)
  eden space 100352K, 29% used [0x00000000eab00000,0x00000000ec794dc0,0x00000000f0d00000)
  from space 19968K, 99% used [0x00000000f0d00000,0x00000000f2078c90,0x00000000f2080000)
  to   space 15872K, 0% used [0x00000000f2080000,0x00000000f2080000,0x00000000f3000000)
 ParOldGen       total 115712K, used 43996K [0x00000000c0000000, 0x00000000c7100000, 0x00000000eab00000)
  object space 115712K, 38% used [0x00000000c0000000,0x00000000c2af7318,0x00000000c7100000)
 Metaspace       used 82048K, capacity 86447K, committed 86552K, reserved 1130496K
  class space    used 11430K, capacity 12223K, committed 12328K, reserved 1048576K

