# JRE version: OpenJDK Runtime Environment (8.0_242-b01) (build 1.8.0_242-release-1644-b01)
# Java VM: OpenJDK 64-Bit Server VM (25.242-b01 mixed mode windows-amd64 compressed oops)
Heap:
 PSYoungGen      total 177152K, used 2925K [0x00000000eab00000, 0x00000000fa000000, 0x0000000100000000)
  eden space 162816K, 1% used [0x00000000eab00000,0x00000000eaddb610,0x00000000f4a00000)
  from space 14336K, 0% used [0x00000000f4a00000,0x00000000f4a00000,0x00000000f5800000)
  to   space 15360K, 0% used [0x00000000f9100000,0x00000000f9100000,0x00000000fa000000)
 ParOldGen       total 92672K, used 34857K [0x00000000c0000000, 0x00000000c5a80000, 0x00000000eab00000)
  object space 92672K, 37% used [0x00000000c0000000,0x00000000c220a5f8,0x00000000c5a80000)
 Metaspace       used 56710K, capacity 59004K, committed 59352K, reserved 1101824K
  class space    used 7430K, capacity 7881K, committed 7936K, reserved 1048576K
GC Heap History (10 events):
Event: 25.669 GC heap before
{Heap before GC invocations=12 (full 2):
 PSYoungGen      total 133632K, used 5434K [0x00000000eab00000, 0x00000000f3d80000, 0x0000000100000000)
  eden space 121856K, 0% used [0x00000000eab00000,0x00000000eab00000,0x00000000f2200000)
  from space 11776K, 46% used [0x00000000f2d00000,0x00000000f324e8f0,0x00000000f3880000)
  to   space 11264K, 0% used [0x00000000f2200000,0x00000000f2200000,0x00000000f2d00000)
 ParOldGen       total 40448K, used 9755K [0x00000000c0000000, 0x00000000c2780000, 0x00000000eab00000)
  object space 40448K, 24% used [0x00000000c0000000,0x00000000c0986d50,0x00000000c2780000)
 Metaspace       used 34193K, capacity 35354K, committed 35456K, reserved 1079296K
  class space    used 4622K, capacity 4922K, committed 4992K, reserved 1048576K
Event: 25.752 GC heap after
Heap after GC invocations=12 (full 2):
 PSYoungGen      total 133632K, used 0K [0x00000000eab00000, 0x00000000f3d80000, 0x0000000100000000)
  eden space 121856K, 0% used [0x00000000eab00000,0x00000000eab00000,0x00000000f2200000)
  from space 11776K, 0% used [0x00000000f2d00000,0x00000000f2d00000,0x00000000f3880000)
  to   space 11264K, 0% used [0x00000000f2200000,0x00000000f2200000,0x00000000f2d00000)
 ParOldGen       total 56832K, used 13342K [0x00000000c0000000, 0x00000000c3780000, 0x00000000eab00000)
  object space 56832K, 23% used [0x00000000c0000000,0x00000000c0d07b18,0x00000000c3780000)
 Metaspace       used 34193K, capacity 35354K, committed 35456K, reserved 1079296K
  class space    used 4622K, capacity 4922K, committed 4992K, reserved 1048576K
}
Event: 34.640 GC heap before
{Heap before GC invocations=13 (full 2):
 PSYoungGen      total 133632K, used 121856K [0x00000000eab00000, 0x00000000f3d80000, 0x0000000100000000)
  eden space 121856K, 100% used [0x00000000eab00000,0x00000000f2200000,0x00000000f2200000)
  from space 11776K, 0% used [0x00000000f2d00000,0x00000000f2d00000,0x00000000f3880000)
  to   space 11264K, 0% used [0x00000000f2200000,0x00000000f2200000,0x00000000f2d00000)
 ParOldGen       total 56832K, used 13342K [0x00000000c0000000, 0x00000000c3780000, 0x00000000eab00000)
  object space 56832K, 23% used [0x00000000c0000000,0x00000000c0d07b18,0x00000000c3780000)
 Metaspace       used 40833K, capacity 42438K, committed 42496K, reserved 1085440K
  class space    used 5495K, capacity 5852K, committed 5888K, reserved 1048576K
Event: 34.663 GC heap after
Heap after GC invocations=13 (full 2):
 PSYoungGen      total 133120K, used 11259K [0x00000000eab00000, 0x00000000f6680000, 0x0000000100000000)
  eden space 121856K, 0% used [0x00000000eab00000,0x00000000eab00000,0x00000000f2200000)
  from space 11264K, 99% used [0x00000000f2200000,0x00000000f2cfee18,0x00000000f2d00000)
  to   space 12800K, 0% used [0x00000000f5a00000,0x00000000f5a00000,0x00000000f6680000)
 ParOldGen       total 56832K, used 14025K [0x00000000c0000000, 0x00000000c3780000, 0x00000000eab00000)
  object space 56832K, 24% used [0x00000000c0000000,0x00000000c0db24b8,0x00000000c3780000)
 Metaspace       used 40833K, capacity 42438K, committed 42496K, reserved 1085440K
  class space    used 5495K, capacity 5852K, committed 5888K, reserved 1048576K
}
Event: 44.215 GC heap before
{Heap before GC invocations=14 (full 2):
 PSYoungGen      total 133120K, used 133115K [0x00000000eab00000, 0x00000000f6680000, 0x0000000100000000)
  eden space 121856K, 100% used [0x00000000eab00000,0x00000000f2200000,0x00000000f2200000)
  from space 11264K, 99% used [0x00000000f2200000,0x00000000f2cfee18,0x00000000f2d00000)
  to   space 12800K, 0% used [0x00000000f5a00000,0x00000000f5a00000,0x00000000f6680000)
 ParOldGen       total 56832K, used 14025K [0x00000000c0000000, 0x00000000c3780000, 0x00000000eab00000)
  object space 56832K, 24% used [0x00000000c0000000,0x00000000c0db24b8,0x00000000c3780000)
 Metaspace       used 50368K, capacity 52630K, committed 52992K, reserved 1095680K
  class space    used 6664K, capacity 7101K, committed 7168K, reserved 1048576K
Event: 44.240 GC heap after
Heap after GC invocations=14 (full 2):
 PSYoungGen      total 175104K, used 11629K [0x00000000eab00000, 0x00000000f6600000, 0x0000000100000000)
  eden space 162816K, 0% used [0x00000000eab00000,0x00000000eab00000,0x00000000f4a00000)
  from space 12288K, 94% used [0x00000000f5a00000,0x00000000f655b640,0x00000000f6600000)
  to   space 14336K, 0% used [0x00000000f4a00000,0x00000000f4a00000,0x00000000f5800000)
 ParOldGen       total 56832K, used 20831K [0x00000000c0000000, 0x00000000c3780000, 0x00000000eab00000)
  object space 56832K, 36% used [0x00000000c0000000,0x00000000c1457cd8,0x00000000c3780000)
 Metaspace       used 50368K, capacity 52630K, committed 52992K, reserved 1095680K
  class space    used 6664K, capacity 7101K, committed 7168K, reserved 1048576K
}
Event: 47.012 GC heap before
{Heap before GC invocations=15 (full 2):
 PSYoungGen      total 175104K, used 115102K [0x00000000eab00000, 0x00000000f6600000, 0x0000000100000000)
  eden space 162816K, 63% used [0x00000000eab00000,0x00000000f100c440,0x00000000f4a00000)
  from space 12288K, 94% used [0x00000000f5a00000,0x00000000f655b640,0x00000000f6600000)
  to   space 14336K, 0% used [0x00000000f4a00000,0x00000000f4a00000,0x00000000f5800000)
 ParOldGen       total 56832K, used 20831K [0x00000000c0000000, 0x00000000c3780000, 0x00000000eab00000)
  object space 56832K, 36% used [0x00000000c0000000,0x00000000c1457cd8,0x00000000c3780000)
 Metaspace       used 56738K, capacity 59016K, committed 59096K, reserved 1099776K
  class space    used 7439K, capacity 7899K, committed 7936K, reserved 1048576K
Event: 47.043 GC heap after
Heap after GC invocations=15 (full 2):
 PSYoungGen      total 177152K, used 12229K [0x00000000eab00000, 0x00000000fa000000, 0x0000000100000000)
  eden space 162816K, 0% used [0x00000000eab00000,0x00000000eab00000,0x00000000f4a00000)
  from space 14336K, 85% used [0x00000000f4a00000,0x00000000f55f16b8,0x00000000f5800000)
  to   space 15360K, 0% used [0x00000000f9100000,0x00000000f9100000,0x00000000fa000000)
 ParOldGen       total 56832K, used 25290K [0x00000000c0000000, 0x00000000c3780000, 0x00000000eab00000)
  object space 56832K, 44% used [0x00000000c0000000,0x00000000c18b2bf0,0x00000000c3780000)
 Metaspace       used 56738K, capacity 59016K, committed 59096K, reserved 1099776K
  class space    used 7439K, capacity 7899K, committed 7936K, reserved 1048576K
}
Event: 47.043 GC heap before
{Heap before GC invocations=16 (full 3):
 PSYoungGen      total 177152K, used 12229K [0x00000000eab00000, 0x00000000fa000000, 0x0000000100000000)
  eden space 162816K, 0% used [0x00000000eab00000,0x00000000eab00000,0x00000000f4a00000)
  from space 14336K, 85% used [0x00000000f4a00000,0x00000000f55f16b8,0x00000000f5800000)
  to   space 15360K, 0% used [0x00000000f9100000,0x00000000f9100000,0x00000000fa000000)
 ParOldGen       total 56832K, used 25290K [0x00000000c0000000, 0x00000000c3780000, 0x00000000eab00000)
  object space 56832K, 44% used [0x00000000c0000000,0x00000000c18b2bf0,0x00000000c3780000)
 Metaspace       used 56738K, capacity 59016K, committed 59096K, reserved 1099776K
  class space    used 7439K, capacity 7899K, committed 7936K, reserved 1048576K
Event: 47.336 GC heap after
Heap after GC invocations=16 (full 3):
 PSYoungGen      total 177152K, used 0K [0x00000000eab00000, 0x00000000fa000000, 0x0000000100000000)
  eden space 162816K, 0% used [0x00000000eab00000,0x00000000eab00000,0x00000000f4a00000)
  from space 14336K, 0% used [0x00000000f4a00000,0x00000000f4a00000,0x00000000f5800000)
  to   space 15360K, 0% used [0x00000000f9100000,0x00000000f9100000,0x00000000fa000000)
 ParOldGen       total 92672K, used 34857K [0x00000000c0000000, 0x00000000c5a80000, 0x00000000eab00000)
  object space 92672K, 37% used [0x00000000c0000000,0x00000000c220a5f8,0x00000000c5a80000)
 Metaspace       used 56681K, capacity 58876K, committed 59096K, reserved 1099776K
  class space    used 7424K, capacity 7881K, committed 7936K, reserved 1048576K
}

