# JRE version: OpenJDK Runtime Environment (8.0_242-b01) (build 1.8.0_242-release-1644-b01)
# Java VM: OpenJDK 64-Bit Server VM (25.242-b01 mixed mode windows-amd64 compressed oops)
Heap:
 PSYoungGen      total 84992K, used 82543K [0x00000000e0c00000, 0x00000000e8a80000, 0x0000000100000000)
  eden space 69120K, 98% used [0x00000000e0c00000,0x00000000e4ec6428,0x00000000e4f80000)
  from space 15872K, 89% used [0x00000000e4f80000,0x00000000e5d55878,0x00000000e5f00000)
  to   space 17408K, 0% used [0x00000000e7980000,0x00000000e7980000,0x00000000e8a80000)
 ParOldGen       total 90624K, used 21596K [0x00000000a2400000, 0x00000000a7c80000, 0x00000000e0c00000)
  object space 90624K, 23% used [0x00000000a2400000,0x00000000a3917070,0x00000000a7c80000)
 Metaspace       used 45598K, capacity 46293K, committed 46720K, reserved 1089536K
  class space    used 5703K, capacity 5897K, committed 6016K, reserved 1048576K
GC Heap History (10 events):
Event: 2.184 GC heap before
{Heap before GC invocations=5 (full 1):
 PSYoungGen      total 52736K, used 3568K [0x00000000e0c00000, 0x00000000e4300000, 0x0000000100000000)
  eden space 49152K, 0% used [0x00000000e0c00000,0x00000000e0c00000,0x00000000e3c00000)
  from space 3584K, 99% used [0x00000000e3f80000,0x00000000e42fc020,0x00000000e4300000)
  to   space 3584K, 0% used [0x00000000e3c00000,0x00000000e3c00000,0x00000000e3f80000)
 ParOldGen       total 64512K, used 13889K [0x00000000a2400000, 0x00000000a6300000, 0x00000000e0c00000)
  object space 64512K, 21% used [0x00000000a2400000,0x00000000a31905d8,0x00000000a6300000)
 Metaspace       used 20754K, capacity 21138K, committed 21296K, reserved 1069056K
  class space    used 2462K, capacity 2624K, committed 2688K, reserved 1048576K
Event: 2.229 GC heap after
Heap after GC invocations=5 (full 1):
 PSYoungGen      total 52736K, used 0K [0x00000000e0c00000, 0x00000000e4300000, 0x0000000100000000)
  eden space 49152K, 0% used [0x00000000e0c00000,0x00000000e0c00000,0x00000000e3c00000)
  from space 3584K, 0% used [0x00000000e3f80000,0x00000000e3f80000,0x00000000e4300000)
  to   space 3584K, 0% used [0x00000000e3c00000,0x00000000e3c00000,0x00000000e3f80000)
 ParOldGen       total 50688K, used 7506K [0x00000000a2400000, 0x00000000a5580000, 0x00000000e0c00000)
  object space 50688K, 14% used [0x00000000a2400000,0x00000000a2b548b8,0x00000000a5580000)
 Metaspace       used 20754K, capacity 21138K, committed 21296K, reserved 1069056K
  class space    used 2462K, capacity 2624K, committed 2688K, reserved 1048576K
}
Event: 3.604 GC heap before
{Heap before GC invocations=6 (full 1):
 PSYoungGen      total 52736K, used 49152K [0x00000000e0c00000, 0x00000000e4300000, 0x0000000100000000)
  eden space 49152K, 100% used [0x00000000e0c00000,0x00000000e3c00000,0x00000000e3c00000)
  from space 3584K, 0% used [0x00000000e3f80000,0x00000000e3f80000,0x00000000e4300000)
  to   space 3584K, 0% used [0x00000000e3c00000,0x00000000e3c00000,0x00000000e3f80000)
 ParOldGen       total 50688K, used 7506K [0x00000000a2400000, 0x00000000a5580000, 0x00000000e0c00000)
  object space 50688K, 14% used [0x00000000a2400000,0x00000000a2b548b8,0x00000000a5580000)
 Metaspace       used 26888K, capacity 27341K, committed 27776K, reserved 1073152K
  class space    used 3212K, capacity 3376K, committed 3456K, reserved 1048576K
Event: 3.616 GC heap after
Heap after GC invocations=6 (full 1):
 PSYoungGen      total 52736K, used 3554K [0x00000000e0c00000, 0x00000000e6b80000, 0x0000000100000000)
  eden space 49152K, 0% used [0x00000000e0c00000,0x00000000e0c00000,0x00000000e3c00000)
  from space 3584K, 99% used [0x00000000e3c00000,0x00000000e3f78918,0x00000000e3f80000)
  to   space 12800K, 0% used [0x00000000e5f00000,0x00000000e5f00000,0x00000000e6b80000)
 ParOldGen       total 50688K, used 15735K [0x00000000a2400000, 0x00000000a5580000, 0x00000000e0c00000)
  object space 50688K, 31% used [0x00000000a2400000,0x00000000a335dd38,0x00000000a5580000)
 Metaspace       used 26888K, capacity 27341K, committed 27776K, reserved 1073152K
  class space    used 3212K, capacity 3376K, committed 3456K, reserved 1048576K
}
Event: 4.558 GC heap before
{Heap before GC invocations=7 (full 1):
 PSYoungGen      total 52736K, used 43191K [0x00000000e0c00000, 0x00000000e6b80000, 0x0000000100000000)
  eden space 49152K, 80% used [0x00000000e0c00000,0x00000000e32b5430,0x00000000e3c00000)
  from space 3584K, 99% used [0x00000000e3c00000,0x00000000e3f78918,0x00000000e3f80000)
  to   space 12800K, 0% used [0x00000000e5f00000,0x00000000e5f00000,0x00000000e6b80000)
 ParOldGen       total 50688K, used 15735K [0x00000000a2400000, 0x00000000a5580000, 0x00000000e0c00000)
  object space 50688K, 31% used [0x00000000a2400000,0x00000000a335dd38,0x00000000a5580000)
 Metaspace       used 34769K, capacity 35271K, committed 35496K, reserved 1081344K
  class space    used 4437K, capacity 4590K, committed 4608K, reserved 1048576K
Event: 4.575 GC heap after
Heap after GC invocations=7 (full 1):
 PSYoungGen      total 81920K, used 12799K [0x00000000e0c00000, 0x00000000e7180000, 0x0000000100000000)
  eden space 69120K, 0% used [0x00000000e0c00000,0x00000000e0c00000,0x00000000e4f80000)
  from space 12800K, 99% used [0x00000000e5f00000,0x00000000e6b7fcb8,0x00000000e6b80000)
  to   space 15872K, 0% used [0x00000000e4f80000,0x00000000e4f80000,0x00000000e5f00000)
 ParOldGen       total 50688K, used 17300K [0x00000000a2400000, 0x00000000a5580000, 0x00000000e0c00000)
  object space 50688K, 34% used [0x00000000a2400000,0x00000000a34e52e0,0x00000000a5580000)
 Metaspace       used 34769K, capacity 35271K, committed 35496K, reserved 1081344K
  class space    used 4437K, capacity 4590K, committed 4608K, reserved 1048576K
}
Event: 4.575 GC heap before
{Heap before GC invocations=8 (full 2):
 PSYoungGen      total 81920K, used 12799K [0x00000000e0c00000, 0x00000000e7180000, 0x0000000100000000)
  eden space 69120K, 0% used [0x00000000e0c00000,0x00000000e0c00000,0x00000000e4f80000)
  from space 12800K, 99% used [0x00000000e5f00000,0x00000000e6b7fcb8,0x00000000e6b80000)
  to   space 15872K, 0% used [0x00000000e4f80000,0x00000000e4f80000,0x00000000e5f00000)
 ParOldGen       total 50688K, used 17300K [0x00000000a2400000, 0x00000000a5580000, 0x00000000e0c00000)
  object space 50688K, 34% used [0x00000000a2400000,0x00000000a34e52e0,0x00000000a5580000)
 Metaspace       used 34769K, capacity 35271K, committed 35496K, reserved 1081344K
  class space    used 4437K, capacity 4590K, committed 4608K, reserved 1048576K
Event: 4.665 GC heap after
Heap after GC invocations=8 (full 2):
 PSYoungGen      total 81920K, used 0K [0x00000000e0c00000, 0x00000000e7180000, 0x0000000100000000)
  eden space 69120K, 0% used [0x00000000e0c00000,0x00000000e0c00000,0x00000000e4f80000)
  from space 12800K, 0% used [0x00000000e5f00000,0x00000000e5f00000,0x00000000e6b80000)
  to   space 15872K, 0% used [0x00000000e4f80000,0x00000000e4f80000,0x00000000e5f00000)
 ParOldGen       total 90624K, used 21588K [0x00000000a2400000, 0x00000000a7c80000, 0x00000000e0c00000)
  object space 90624K, 23% used [0x00000000a2400000,0x00000000a3915070,0x00000000a7c80000)
 Metaspace       used 34769K, capacity 35271K, committed 35496K, reserved 1081344K
  class space    used 4437K, capacity 4590K, committed 4608K, reserved 1048576K
}
Event: 6.161 GC heap before
{Heap before GC invocations=9 (full 2):
 PSYoungGen      total 81920K, used 69120K [0x00000000e0c00000, 0x00000000e7180000, 0x0000000100000000)
  eden space 69120K, 100% used [0x00000000e0c00000,0x00000000e4f80000,0x00000000e4f80000)
  from space 12800K, 0% used [0x00000000e5f00000,0x00000000e5f00000,0x00000000e6b80000)
  to   space 15872K, 0% used [0x00000000e4f80000,0x00000000e4f80000,0x00000000e5f00000)
 ParOldGen       total 90624K, used 21588K [0x00000000a2400000, 0x00000000a7c80000, 0x00000000e0c00000)
  object space 90624K, 23% used [0x00000000a2400000,0x00000000a3915070,0x00000000a7c80000)
 Metaspace       used 40329K, capacity 40965K, committed 41344K, reserved 1085440K
  class space    used 5058K, capacity 5209K, committed 5248K, reserved 1048576K
Event: 6.184 GC heap after
Heap after GC invocations=9 (full 2):
 PSYoungGen      total 84992K, used 14166K [0x00000000e0c00000, 0x00000000e8a80000, 0x0000000100000000)
  eden space 69120K, 0% used [0x00000000e0c00000,0x00000000e0c00000,0x00000000e4f80000)
  from space 15872K, 89% used [0x00000000e4f80000,0x00000000e5d55878,0x00000000e5f00000)
  to   space 17408K, 0% used [0x00000000e7980000,0x00000000e7980000,0x00000000e8a80000)
 ParOldGen       total 90624K, used 21596K [0x00000000a2400000, 0x00000000a7c80000, 0x00000000e0c00000)
  object space 90624K, 23% used [0x00000000a2400000,0x00000000a3917070,0x00000000a7c80000)
 Metaspace       used 40329K, capacity 40965K, committed 41344K, reserved 1085440K
  class space    used 5058K, capacity 5209K, committed 5248K, reserved 1048576K
}

